android/app/build/intermediates/manifest_merge_blame_file/debug/manifest-merger-blame-debug-report.txt
1<?xml version="1.0" encoding="utf-8"?>
2<manifest xmlns:android="http://schemas.android.com/apk/res/android"
3    package="com.raceatyourpace"
4    android:versionCode="81"
5    android:versionName="1.7.8" >
6
7    <uses-sdk
8        android:minSdkVersion="21"
9        android:targetSdkVersion="30" />
10
11    <uses-permission android:name="android.permission.SYSTEM_ALERT_WINDOW" />
11-->src\debug\AndroidManifest.xml:5:5-77
11-->src\debug\AndroidManifest.xml:5:22-75
12    <uses-permission android:name="android.permission.INTERNET" />
12-->src\main\AndroidManifest.xml:3:2-64
12-->src\main\AndroidManifest.xml:3:19-61
13    <uses-permission android:name="android.permission.ACCESS_WIFI_STATE" />
13-->[com.facebook.flipper:flipper:0.93.0] AndroidManifest.xml:16:5-76
13-->[com.facebook.flipper:flipper:0.93.0] AndroidManifest.xml:16:22-73
14    <uses-permission android:name="android.permission.ACCESS_NETWORK_STATE" />
14-->[:react-native-community_netinfo] AndroidManifest.xml:9:5-79
14-->[:react-native-community_netinfo] AndroidManifest.xml:9:22-76
15    <uses-permission android:name="android.permission.WAKE_LOCK" />
15-->[:react-native-background-timer] AndroidManifest.xml:9:5-68
15-->[:react-native-background-timer] AndroidManifest.xml:9:22-65
16    <uses-permission android:name="android.permission.QUERY_ALL_PACKAGES" />
16-->[:react-native-inappbrowser-reborn] AndroidManifest.xml:10:5-77
16-->[:react-native-inappbrowser-reborn] AndroidManifest.xml:10:22-74
17
18    <queries>
18-->[:react-native-inappbrowser-reborn] AndroidManifest.xml:12:5-16:15
19        <intent>
19-->[:react-native-inappbrowser-reborn] AndroidManifest.xml:13:9-15:18
20            <action android:name="android.support.customtabs.action.CustomTabsService" />
20-->[:react-native-inappbrowser-reborn] AndroidManifest.xml:14:13-90
20-->[:react-native-inappbrowser-reborn] AndroidManifest.xml:14:21-87
21        </intent>
22        <!-- Query open documents -->
23        <intent>
23-->[:expo-file-system] AndroidManifest.xml:17:9-19:18
24            <action android:name="android.intent.action.OPEN_DOCUMENT_TREE" />
24-->[:expo-file-system] AndroidManifest.xml:18:13-79
24-->[:expo-file-system] AndroidManifest.xml:18:21-76
25        </intent>
26    </queries>
27
28    <uses-permission android:name="android.permission.WRITE_EXTERNAL_STORAGE" />
28-->[:expo-file-system] AndroidManifest.xml:11:5-81
28-->[:expo-file-system] AndroidManifest.xml:11:22-78
29    <uses-permission android:name="android.permission.READ_EXTERNAL_STORAGE" />
29-->[:expo-file-system] AndroidManifest.xml:12:5-80
29-->[:expo-file-system] AndroidManifest.xml:12:22-77
30
31    <application
31-->src\main\AndroidManifest.xml:5:2-22:16
32        android:name="com.raceatyourpace.MainApplication"
32-->src\main\AndroidManifest.xml:5:15-46
33        android:allowBackup="false"
33-->src\main\AndroidManifest.xml:5:161-188
34        android:appComponentFactory="androidx.core.app.CoreComponentFactory"
34-->[androidx.core:core:1.3.1] AndroidManifest.xml:24:18-86
35        android:debuggable="true"
36        android:icon="@mipmap/ic_launcher"
36-->src\main\AndroidManifest.xml:5:80-114
37        android:label="@string/app_name"
37-->src\main\AndroidManifest.xml:5:47-79
38        android:roundIcon="@mipmap/ic_launcher_round"
38-->src\main\AndroidManifest.xml:5:115-160
39        android:theme="@style/AppTheme"
39-->src\main\AndroidManifest.xml:5:189-220
40        android:usesCleartextTraffic="true" >
40-->src\debug\AndroidManifest.xml:8:9-44
41        <activity android:name="com.facebook.react.devsupport.DevSettingsActivity" />
41-->src\debug\AndroidManifest.xml:11:9-86
41-->src\debug\AndroidManifest.xml:11:19-83
42        <activity
42-->src\main\AndroidManifest.xml:6:3-21:14
43            android:name="com.raceatyourpace.MainActivity"
43-->src\main\AndroidManifest.xml:6:13-41
44            android:configChanges="keyboard|orientation|keyboardHidden|screenSize|uiMode"
44-->src\main\AndroidManifest.xml:6:75-152
45            android:label="@string/app_name"
45-->src\main\AndroidManifest.xml:6:42-74
46            android:launchMode="singleTask"
46-->src\main\AndroidManifest.xml:6:153-184
47            android:screenOrientation="portrait"
47-->src\main\AndroidManifest.xml:6:228-264
48            android:windowSoftInputMode="adjustResize" >
48-->src\main\AndroidManifest.xml:6:185-227
49            <intent-filter>
49-->src\main\AndroidManifest.xml:7:4-10:20
50                <action android:name="android.intent.action.MAIN" />
50-->src\main\AndroidManifest.xml:8:5-57
50-->src\main\AndroidManifest.xml:8:13-54
51
52                <category android:name="android.intent.category.LAUNCHER" />
52-->src\main\AndroidManifest.xml:9:5-65
52-->src\main\AndroidManifest.xml:9:15-62
53            </intent-filter>
54            <intent-filter>
54-->src\main\AndroidManifest.xml:11:4-20:20
55
56                <!-- This is just configuration -->
57                <action android:name="android.intent.action.VIEW" />
57-->src\main\AndroidManifest.xml:13:5-57
57-->src\main\AndroidManifest.xml:13:13-54
58
59                <category android:name="android.intent.category.DEFAULT" />
59-->src\main\AndroidManifest.xml:14:5-64
59-->src\main\AndroidManifest.xml:14:15-61
60                <category android:name="android.intent.category.BROWSABLE" />
60-->src\main\AndroidManifest.xml:15:5-66
60-->src\main\AndroidManifest.xml:15:15-63
61
62                <data
62-->src\main\AndroidManifest.xml:17:5-72
63                    android:host="raceatyourpace.co.uk"
63-->src\main\AndroidManifest.xml:17:34-69
64                    android:scheme="https" />
64-->src\main\AndroidManifest.xml:17:11-33
65                <data
65-->src\main\AndroidManifest.xml:17:5-72
66                    android:host="rapdev.ngrok.io"
66-->src\main\AndroidManifest.xml:17:34-69
67                    android:scheme="https" />
67-->src\main\AndroidManifest.xml:17:11-33
68                <data
68-->src\main\AndroidManifest.xml:17:5-72
69                    android:host="app"
69-->src\main\AndroidManifest.xml:17:34-69
70                    android:scheme="rap" />
70-->src\main\AndroidManifest.xml:17:11-33
71            </intent-filter>
72        </activity>
73
74        <meta-data
74-->[:unimodules-react-native-adapter] AndroidManifest.xml:10:9-12:91
75            android:name="org.unimodules.core.AppLoader#react-native-headless"
75-->[:unimodules-react-native-adapter] AndroidManifest.xml:11:13-79
76            android:value="org.unimodules.adapters.react.apploader.RNHeadlessAppLoader" />
76-->[:unimodules-react-native-adapter] AndroidManifest.xml:12:13-88
77
78        <provider
78-->[:react-native-image-picker] AndroidManifest.xml:10:9-18:20
79            android:name="com.imagepicker.ImagePickerProvider"
79-->[:react-native-image-picker] AndroidManifest.xml:11:13-63
80            android:authorities="com.raceatyourpace.imagepickerprovider"
80-->[:react-native-image-picker] AndroidManifest.xml:12:13-71
81            android:exported="false"
81-->[:react-native-image-picker] AndroidManifest.xml:13:13-37
82            android:grantUriPermissions="true" >
82-->[:react-native-image-picker] AndroidManifest.xml:14:13-47
83            <meta-data
83-->[:react-native-image-picker] AndroidManifest.xml:15:13-17:70
84                android:name="android.support.FILE_PROVIDER_PATHS"
84-->[:react-native-image-picker] AndroidManifest.xml:16:17-67
85                android:resource="@xml/imagepicker_provider_paths" />
85-->[:react-native-image-picker] AndroidManifest.xml:17:17-67
86        </provider>
87
88        <activity android:name="com.proyecto26.inappbrowser.ChromeTabsManagerActivity" >
88-->[:react-native-inappbrowser-reborn] AndroidManifest.xml:19:9-20:20
88-->[:react-native-inappbrowser-reborn] AndroidManifest.xml:19:19-87
89        </activity>
90
91        <provider
91-->[:react-native-webview] AndroidManifest.xml:10:9-18:20
92            android:name="com.reactnativecommunity.webview.RNCWebViewFileProvider"
92-->[:react-native-webview] AndroidManifest.xml:11:13-83
93            android:authorities="com.raceatyourpace.fileprovider"
93-->[:react-native-webview] AndroidManifest.xml:12:13-64
94            android:exported="false"
94-->[:react-native-webview] AndroidManifest.xml:13:13-37
95            android:grantUriPermissions="true" >
95-->[:react-native-webview] AndroidManifest.xml:14:13-47
96            <meta-data
96-->[:react-native-image-picker] AndroidManifest.xml:15:13-17:70
97                android:name="android.support.FILE_PROVIDER_PATHS"
97-->[:react-native-image-picker] AndroidManifest.xml:16:17-67
98                android:resource="@xml/file_provider_paths" />
98-->[:react-native-image-picker] AndroidManifest.xml:17:17-67
99        </provider>
100        <provider
100-->[:expo-file-system] AndroidManifest.xml:23:9-32:20
101            android:name="expo.modules.filesystem.FileSystemFileProvider"
101-->[:expo-file-system] AndroidManifest.xml:24:13-74
102            android:authorities="com.raceatyourpace.FileSystemFileProvider"
102-->[:expo-file-system] AndroidManifest.xml:25:13-74
103            android:exported="false"
103-->[:expo-file-system] AndroidManifest.xml:26:13-37
104            android:grantUriPermissions="true" >
104-->[:expo-file-system] AndroidManifest.xml:27:13-47
105            <meta-data
105-->[:react-native-image-picker] AndroidManifest.xml:15:13-17:70
106                android:name="android.support.FILE_PROVIDER_PATHS"
106-->[:react-native-image-picker] AndroidManifest.xml:16:17-67
107                android:resource="@xml/file_system_provider_paths" />
107-->[:react-native-image-picker] AndroidManifest.xml:17:17-67
108        </provider>
109
110        <meta-data
110-->[com.github.bumptech.glide:okhttp3-integration:4.12.0] AndroidManifest.xml:11:9-13:43
111            android:name="com.bumptech.glide.integration.okhttp3.OkHttpGlideModule"
111-->[com.github.bumptech.glide:okhttp3-integration:4.12.0] AndroidManifest.xml:12:13-84
112            android:value="GlideModule" />
112-->[com.github.bumptech.glide:okhttp3-integration:4.12.0] AndroidManifest.xml:13:13-40
113    </application>
114
115</manifest>